This file contains any messages produced by compilers while
running configure, to aid debugging if configure makes a mistake.

It was created by MPEG Audio Decoder configure 0.15.0b, which was
generated by GNU Autoconf 2.57.  Invocation command line was

  $ ./configure -prefix=/usr

## --------- ##
## Platform. ##
## --------- ##

hostname = ubuntu
uname -m = i686
uname -r = 3.2.0-26-generic-pae
uname -s = Linux
uname -v = #41-Ubuntu SMP Thu Jun 14 16:45:14 UTC 2012

/usr/bin/uname -p = unknown
/bin/uname -X     = unknown

/bin/arch              = unknown
/usr/bin/arch -k       = unknown
/usr/convex/getsysinfo = unknown
hostinfo               = unknown
/bin/machine           = unknown
/usr/bin/oslevel       = unknown
/bin/universe          = unknown

PATH: /usr/local/sbin
PATH: /usr/local/bin
PATH: /usr/sbin
PATH: /usr/bin
PATH: /sbin
PATH: /bin


## ----------- ##
## Core tests. ##
## ----------- ##

configure:1507: checking for a BSD-compatible install
configure:1561: result: /usr/bin/install -c
configure:1572: checking whether build environment is sane
configure:1615: result: yes
configure:1648: checking for gawk
configure:1677: result: no
configure:1648: checking for mawk
configure:1664: found /usr/bin/mawk
configure:1674: result: mawk
configure:1684: checking whether make sets $(MAKE)
configure:1704: result: yes
configure:1879: checking build system type
configure:1897: result: i686-pc-linux-gnu
configure:1905: checking host system type
configure:1919: result: i686-pc-linux-gnu
configure:1975: checking for gcc
configure:1991: found /usr/bin/gcc
configure:2001: result: gcc
configure:2245: checking for C compiler version
configure:2248: gcc --version </dev/null >&5
gcc (Ubuntu/Linaro 4.6.3-1ubuntu5) 4.6.3
Copyright (C) 2011 Free Software Foundation, Inc.
This is free software; see the source for copying conditions.  There is NO
warranty; not even for MERCHANTABILITY or FITNESS FOR A PARTICULAR PURPOSE.

configure:2251: $? = 0
configure:2253: gcc -v </dev/null >&5
Using built-in specs.
COLLECT_GCC=gcc
COLLECT_LTO_WRAPPER=/usr/lib/gcc/i686-linux-gnu/4.6/lto-wrapper
Target: i686-linux-gnu
Configured with: ../src/configure -v --with-pkgversion='Ubuntu/Linaro 4.6.3-1ubuntu5' --with-bugurl=file:///usr/share/doc/gcc-4.6/README.Bugs --enable-languages=c,c++,fortran,objc,obj-c++ --prefix=/usr --program-suffix=-4.6 --enable-shared --enable-linker-build-id --with-system-zlib --libexecdir=/usr/lib --without-included-gettext --enable-threads=posix --with-gxx-include-dir=/usr/include/c++/4.6 --libdir=/usr/lib --enable-nls --with-sysroot=/ --enable-clocale=gnu --enable-libstdcxx-debug --enable-libstdcxx-time=yes --enable-gnu-unique-object --enable-plugin --enable-objc-gc --enable-targets=all --disable-werror --with-arch-32=i686 --with-tune=generic --enable-checking=release --build=i686-linux-gnu --host=i686-linux-gnu --target=i686-linux-gnu
Thread model: posix
gcc version 4.6.3 (Ubuntu/Linaro 4.6.3-1ubuntu5) 
configure:2256: $? = 0
configure:2258: gcc -V </dev/null >&5
gcc: error: unrecognized option '-V'
gcc: fatal error: no input files
compilation terminated.
configure:2261: $? = 4
configure:2285: checking for C compiler default output
configure:2288: gcc    conftest.c  >&5
configure:2291: $? = 0
configure:2337: result: a.out
configure:2342: checking whether the C compiler works
configure:2348: ./a.out
configure:2351: $? = 0
configure:2368: result: yes
configure:2375: checking whether we are cross compiling
configure:2377: result: no
configure:2380: checking for suffix of executables
configure:2382: gcc -o conftest    conftest.c  >&5
configure:2385: $? = 0
configure:2410: result: 
configure:2416: checking for suffix of object files
configure:2438: gcc -c   conftest.c >&5
configure:2441: $? = 0
configure:2463: result: o
configure:2467: checking whether we are using the GNU C compiler
configure:2492: gcc -c   conftest.c >&5
configure:2495: $? = 0
configure:2498: test -s conftest.o
configure:2501: $? = 0
configure:2514: result: yes
configure:2520: checking whether gcc accepts -g
configure:2542: gcc -c -g  conftest.c >&5
configure:2545: $? = 0
configure:2548: test -s conftest.o
configure:2551: $? = 0
configure:2562: result: yes
configure:2579: checking for gcc option to accept ANSI C
configure:2640: gcc  -c -g -O2  conftest.c >&5
configure:2643: $? = 0
configure:2646: test -s conftest.o
configure:2649: $? = 0
configure:2667: result: none needed
configure:2685: gcc -c -g -O2  conftest.c >&5
conftest.c:2:3: error: unknown type name 'choke'
conftest.c:2:3: error: expected '=', ',', ';', 'asm' or '__attribute__' at end of input
configure:2688: $? = 1
configure: failed program was:
| #ifndef __cplusplus
|   choke me
| #endif
configure:2808: checking for style of include used by make
configure:2836: result: GNU
configure:2864: checking dependency style of gcc
configure:2932: result: gcc3
configure:3060: checking for ld used by GCC
configure:3123: result: /usr/bin/ld
configure:3132: checking if the linker (/usr/bin/ld) is GNU ld
GNU ld (GNU Binutils for Ubuntu) 2.22
configure:3144: result: yes
configure:3149: checking for /usr/bin/ld option to reload object files
configure:3156: result: -r
configure:3161: checking for BSD-compatible nm
configure:3197: result: /usr/bin/nm -B
configure:3200: checking for a sed that does not truncate output
configure:3282: result: /bin/sed
configure:3285: checking whether ln -s works
configure:3289: result: yes
configure:3296: checking how to recognise dependent libraries
configure:3477: result: pass_all
configure:3490: checking command to parse /usr/bin/nm -B output
configure:3574: gcc -c -g -O2  conftest.c >&5
configure:3577: $? = 0
configure:3581: /usr/bin/nm -B conftest.o \| sed -n -e 's/^.*[ 	]\([ABCDGISTW][ABCDGISTW]*\)[ 	][ 	]*\(\)\([_A-Za-z][_A-Za-z0-9]*\)$/\1 \2\3 \3/p' \> conftest.nm
configure:3584: $? = 0
configure:3636: gcc -o conftest -g -O2   conftest.c conftstm.o >&5
configure:3639: $? = 0
configure:3683: result: ok
configure:3692: checking how to run the C preprocessor
configure:3728: gcc -E  conftest.c
configure:3734: $? = 0
configure:3766: gcc -E  conftest.c
configure:3767:28: fatal error: ac_nonexistent.h: No such file or directory
compilation terminated.
configure:3772: $? = 1
configure: failed program was:
| #line 3757 "configure"
| /* confdefs.h.  */
| 
| #define PACKAGE_NAME "MPEG Audio Decoder"
| #define PACKAGE_TARNAME "libmad"
| #define PACKAGE_VERSION "0.15.0b"
| #define PACKAGE_STRING "MPEG Audio Decoder 0.15.0b"
| #define PACKAGE_BUGREPORT "support@underbit.com"
| #define PACKAGE "libmad"
| #define VERSION "0.15.0b"
| /* end confdefs.h.  */
| #include <ac_nonexistent.h>
configure:3810: result: gcc -E
configure:3835: gcc -E  conftest.c
configure:3841: $? = 0
configure:3873: gcc -E  conftest.c
configure:3874:28: fatal error: ac_nonexistent.h: No such file or directory
compilation terminated.
configure:3879: $? = 1
configure: failed program was:
| #line 3864 "configure"
| /* confdefs.h.  */
| 
| #define PACKAGE_NAME "MPEG Audio Decoder"
| #define PACKAGE_TARNAME "libmad"
| #define PACKAGE_VERSION "0.15.0b"
| #define PACKAGE_STRING "MPEG Audio Decoder 0.15.0b"
| #define PACKAGE_BUGREPORT "support@underbit.com"
| #define PACKAGE "libmad"
| #define VERSION "0.15.0b"
| /* end confdefs.h.  */
| #include <ac_nonexistent.h>
configure:3922: checking for egrep
configure:3932: result: grep -E
configure:3937: checking for ANSI C header files
configure:3963: gcc -c -g -O2  conftest.c >&5
configure:3966: $? = 0
configure:3969: test -s conftest.o
configure:3972: $? = 0
configure:4064: gcc -o conftest -g -O2   conftest.c  >&5
configure: In function 'main':
configure:4059:7: warning: incompatible implicit declaration of built-in function 'exit' [enabled by default]
configure:4067: $? = 0
configure:4069: ./conftest
configure:4072: $? = 0
configure:4087: result: yes
configure:4111: checking for sys/types.h
configure:4128: gcc -c -g -O2  conftest.c >&5
configure:4131: $? = 0
configure:4134: test -s conftest.o
configure:4137: $? = 0
configure:4148: result: yes
configure:4111: checking for sys/stat.h
configure:4128: gcc -c -g -O2  conftest.c >&5
configure:4131: $? = 0
configure:4134: test -s conftest.o
configure:4137: $? = 0
configure:4148: result: yes
configure:4111: checking for stdlib.h
configure:4128: gcc -c -g -O2  conftest.c >&5
configure:4131: $? = 0
configure:4134: test -s conftest.o
configure:4137: $? = 0
configure:4148: result: yes
configure:4111: checking for string.h
configure:4128: gcc -c -g -O2  conftest.c >&5
configure:4131: $? = 0
configure:4134: test -s conftest.o
configure:4137: $? = 0
configure:4148: result: yes
configure:4111: checking for memory.h
configure:4128: gcc -c -g -O2  conftest.c >&5
configure:4131: $? = 0
configure:4134: test -s conftest.o
configure:4137: $? = 0
configure:4148: result: yes
configure:4111: checking for strings.h
configure:4128: gcc -c -g -O2  conftest.c >&5
configure:4131: $? = 0
configure:4134: test -s conftest.o
configure:4137: $? = 0
configure:4148: result: yes
configure:4111: checking for inttypes.h
configure:4128: gcc -c -g -O2  conftest.c >&5
configure:4131: $? = 0
configure:4134: test -s conftest.o
configure:4137: $? = 0
configure:4148: result: yes
configure:4111: checking for stdint.h
configure:4128: gcc -c -g -O2  conftest.c >&5
configure:4131: $? = 0
configure:4134: test -s conftest.o
configure:4137: $? = 0
configure:4148: result: yes
configure:4111: checking for unistd.h
configure:4128: gcc -c -g -O2  conftest.c >&5
configure:4131: $? = 0
configure:4134: test -s conftest.o
configure:4137: $? = 0
configure:4148: result: yes
configure:4174: checking dlfcn.h usability
configure:4187: gcc -c -g -O2  conftest.c >&5
configure:4190: $? = 0
configure:4193: test -s conftest.o
configure:4196: $? = 0
configure:4206: result: yes
configure:4210: checking dlfcn.h presence
configure:4221: gcc -E  conftest.c
configure:4227: $? = 0
configure:4246: result: yes
configure:4282: checking for dlfcn.h
configure:4289: result: yes
configure:4487: checking for ranlib
configure:4503: found /usr/bin/ranlib
configure:4514: result: ranlib
configure:4567: checking for strip
configure:4583: found /usr/bin/strip
configure:4594: result: strip
configure:4804: checking for objdir
configure:4815: result: .libs
configure:4832: checking for gcc option to produce PIC
configure:4978: result: -fPIC
configure:4982: checking if gcc PIC flag -fPIC works
configure:5006: gcc -c -g -O2 -fPIC -DPIC  conftest.c >&5
configure:5009: $? = 0
configure:5012: test -s conftest.o
configure:5015: $? = 0
configure:5053: result: yes
configure:5069: checking if gcc static flag -static works
configure:5094: gcc -o conftest -g -O2   -static conftest.c  >&5
configure:5097: $? = 0
configure:5100: test -s conftest
configure:5103: $? = 0
configure:5119: result: yes
configure:5131: checking if gcc supports -c -o file.o
configure:5151: gcc -c -g -O2 -o out/conftest2.o  conftest.c >&5
configure:5175: result: yes
configure:5180: checking if gcc supports -c -o file.lo
configure:5208: gcc -c -g -O2 -c -o conftest.lo  conftest.c >&5
configure:5211: $? = 0
configure:5214: test -s conftest.lo
configure:5217: $? = 0
configure:5239: result: yes
configure:5270: checking if gcc supports -fno-rtti -fno-exceptions
configure:5293: gcc -c -g -O2 -fno-rtti -fno-exceptions -c conftest.c  conftest.c >&5
cc1: warning: command line option '-fno-rtti' is valid for C++/ObjC++ but not for C [enabled by default]
cc1: warning: command line option '-fno-rtti' is valid for C++/ObjC++ but not for C [enabled by default]
configure:5296: $? = 0
configure:5299: test -s conftest.o
configure:5302: $? = 0
configure:5319: result: yes
configure:5330: checking whether the linker (/usr/bin/ld) supports shared libraries
configure:6025: result: yes
configure:6030: checking how to hardcode library paths into programs
configure:6054: result: immediate
configure:6059: checking whether stripping libraries is possible
configure:6064: result: yes
configure:6075: checking dynamic linker characteristics
configure:6495: result: GNU/Linux ld.so
configure:6500: checking if libtool supports shared libraries
configure:6502: result: yes
configure:6505: checking whether to build shared libraries
configure:6526: result: yes
configure:6529: checking whether to build static libraries
configure:6533: result: yes
configure:7207: checking whether -lc should be explicitly linked in
configure:7215: gcc -c -g -O2  conftest.c >&5
configure:7218: $? = 0
configure:7232: gcc -shared conftest.o  -v -Wl,-soname -Wl,conftest -o conftest 2\>\&1 \| grep  -lc  \>/dev/null 2\>\&1
configure:7235: $? = 0
configure:7248: result: no
configure:7966: checking for ANSI C header files
configure:8116: result: yes
configure:8126: checking for sys/wait.h that is POSIX.1 compatible
configure:8158: gcc -c -Wall  conftest.c >&5
configure:8161: $? = 0
configure:8164: test -s conftest.o
configure:8167: $? = 0
configure:8178: result: yes
configure:8207: checking assert.h usability
configure:8220: gcc -c -Wall  conftest.c >&5
configure:8223: $? = 0
configure:8226: test -s conftest.o
configure:8229: $? = 0
configure:8239: result: yes
configure:8243: checking assert.h presence
configure:8254: gcc -E  conftest.c
configure:8260: $? = 0
configure:8279: result: yes
configure:8315: checking for assert.h
configure:8322: result: yes
configure:8207: checking limits.h usability
configure:8220: gcc -c -Wall  conftest.c >&5
configure:8223: $? = 0
configure:8226: test -s conftest.o
configure:8229: $? = 0
configure:8239: result: yes
configure:8243: checking limits.h presence
configure:8254: gcc -E  conftest.c
configure:8260: $? = 0
configure:8279: result: yes
configure:8315: checking for limits.h
configure:8322: result: yes
configure:8198: checking for unistd.h
configure:8203: result: yes
configure:8198: checking for sys/types.h
configure:8203: result: yes
configure:8207: checking fcntl.h usability
configure:8220: gcc -c -Wall  conftest.c >&5
configure:8223: $? = 0
configure:8226: test -s conftest.o
configure:8229: $? = 0
configure:8239: result: yes
configure:8243: checking fcntl.h presence
configure:8254: gcc -E  conftest.c
configure:8260: $? = 0
configure:8279: result: yes
configure:8315: checking for fcntl.h
configure:8322: result: yes
configure:8207: checking errno.h usability
configure:8220: gcc -c -Wall  conftest.c >&5
configure:8223: $? = 0
configure:8226: test -s conftest.o
configure:8229: $? = 0
configure:8239: result: yes
configure:8243: checking errno.h presence
configure:8254: gcc -E  conftest.c
configure:8260: $? = 0
configure:8279: result: yes
configure:8315: checking for errno.h
configure:8322: result: yes
configure:8337: checking for an ANSI C-conforming const
configure:8405: gcc -c -Wall  conftest.c >&5
configure: In function 'main':
configure:8398:17: warning: unused variable 's' [-Wunused-variable]
configure:8418:15: warning: unused variable 'foo' [-Wunused-variable]
configure:8385:29: warning: unused variable 'zero' [-Wunused-variable]
configure:8379:17: warning: unused variable 'x' [-Wunused-variable]
configure:8400:10: warning: 't' is used uninitialized in this function [-Wuninitialized]
configure:8415:23: warning: 'b' is used uninitialized in this function [-Wuninitialized]
configure:8408: $? = 0
configure:8411: test -s conftest.o
configure:8414: $? = 0
configure:8425: result: yes
configure:8435: checking for inline
configure:8457: gcc -c -Wall  conftest.c >&5
configure:8460: $? = 0
configure:8463: test -s conftest.o
configure:8466: $? = 0
configure:8478: result: inline
configure:8493: checking for pid_t
configure:8518: gcc -c -Wall  conftest.c >&5
configure:8521: $? = 0
configure:8524: test -s conftest.o
configure:8527: $? = 0
configure:8538: result: yes
configure:8551: checking for int
configure:8576: gcc -c -Wall  conftest.c >&5
configure:8579: $? = 0
configure:8582: test -s conftest.o
configure:8585: $? = 0
configure:8596: result: yes
configure:8599: checking size of int
configure:8874: gcc -o conftest -Wall   conftest.c  >&5
configure:8877: $? = 0
configure:8879: ./conftest
configure:8882: $? = 0
configure:8905: result: 4
configure:8912: checking for long
configure:8937: gcc -c -Wall  conftest.c >&5
configure:8940: $? = 0
configure:8943: test -s conftest.o
configure:8946: $? = 0
configure:8957: result: yes
configure:8960: checking size of long
configure:9235: gcc -o conftest -Wall   conftest.c  >&5
configure:9238: $? = 0
configure:9240: ./conftest
configure:9243: $? = 0
configure:9266: result: 4
configure:9273: checking for long long
configure:9298: gcc -c -Wall  conftest.c >&5
configure:9301: $? = 0
configure:9304: test -s conftest.o
configure:9307: $? = 0
configure:9318: result: yes
configure:9321: checking size of long long
configure:9596: gcc -o conftest -Wall   conftest.c  >&5
configure:9599: $? = 0
configure:9601: ./conftest
configure:9604: $? = 0
configure:9627: result: 8
configure:9643: checking for waitpid
configure:9693: gcc -o conftest -Wall   conftest.c  >&5
configure:9696: $? = 0
configure:9699: test -s conftest
configure:9702: $? = 0
configure:9713: result: yes
configure:9643: checking for fcntl
configure:9693: gcc -o conftest -Wall   conftest.c  >&5
configure:9696: $? = 0
configure:9699: test -s conftest
configure:9702: $? = 0
configure:9713: result: yes
configure:9643: checking for pipe
configure:9693: gcc -o conftest -Wall   conftest.c  >&5
configure:9696: $? = 0
configure:9699: test -s conftest
configure:9702: $? = 0
configure:9713: result: yes
configure:9643: checking for fork
configure:9693: gcc -o conftest -Wall   conftest.c  >&5
configure:9699:6: warning: conflicting types for built-in function 'fork' [enabled by default]
configure:9696: $? = 0
configure:9699: test -s conftest
configure:9702: $? = 0
configure:9713: result: yes
configure:9785: checking whether to optimize for speed or for accuracy
configure:9827: result: default
configure:9837: checking for architecture-specific fixed-point math routines
configure:9876: result: INTEL
configure:9932: checking for ISO/IEC interpretation
configure:9950: result: best accepted practices
configure:9953: checking whether to enable profiling
configure:9964: result: no
configure:9967: checking whether to enable debugging
configure:10004: result: default
configure:10007: checking whether to enable experimental code
configure:10024: result: no
configure:10145: creating ./config.status

## ---------------------- ##
## Running config.status. ##
## ---------------------- ##

This file was extended by MPEG Audio Decoder config.status 0.15.0b, which was
generated by GNU Autoconf 2.57.  Invocation command line was

  CONFIG_FILES    = 
  CONFIG_HEADERS  = 
  CONFIG_LINKS    = 
  CONFIG_COMMANDS = 
  $ ./config.status 

on ubuntu

config.status:673: creating Makefile
config.status:673: creating msvc++/Makefile
config.status:673: creating libmad.list
config.status:777: creating config.h
config.status:914: config.h is unchanged
config.status:1036: executing depfiles commands

## ---------------- ##
## Cache variables. ##
## ---------------- ##

ac_cv_build=i686-pc-linux-gnu
ac_cv_build_alias=i686-pc-linux-gnu
ac_cv_c_compiler_gnu=yes
ac_cv_c_const=yes
ac_cv_c_inline=inline
ac_cv_env_CC_set=
ac_cv_env_CC_value=
ac_cv_env_CFLAGS_set=
ac_cv_env_CFLAGS_value=
ac_cv_env_CPPFLAGS_set=
ac_cv_env_CPPFLAGS_value=
ac_cv_env_CPP_set=
ac_cv_env_CPP_value=
ac_cv_env_LDFLAGS_set=
ac_cv_env_LDFLAGS_value=
ac_cv_env_build_alias_set=
ac_cv_env_build_alias_value=
ac_cv_env_host_alias_set=
ac_cv_env_host_alias_value=
ac_cv_env_target_alias_set=
ac_cv_env_target_alias_value=
ac_cv_exeext=
ac_cv_func_fcntl=yes
ac_cv_func_fork=yes
ac_cv_func_pipe=yes
ac_cv_func_waitpid=yes
ac_cv_header_assert_h=yes
ac_cv_header_dlfcn_h=yes
ac_cv_header_errno_h=yes
ac_cv_header_fcntl_h=yes
ac_cv_header_inttypes_h=yes
ac_cv_header_limits_h=yes
ac_cv_header_memory_h=yes
ac_cv_header_stdc=yes
ac_cv_header_stdint_h=yes
ac_cv_header_stdlib_h=yes
ac_cv_header_string_h=yes
ac_cv_header_strings_h=yes
ac_cv_header_sys_stat_h=yes
ac_cv_header_sys_types_h=yes
ac_cv_header_sys_wait_h=yes
ac_cv_header_unistd_h=yes
ac_cv_host=i686-pc-linux-gnu
ac_cv_host_alias=i686-pc-linux-gnu
ac_cv_objext=o
ac_cv_path_install='/usr/bin/install -c'
ac_cv_prog_AWK=mawk
ac_cv_prog_CPP='gcc -E'
ac_cv_prog_ac_ct_CC=gcc
ac_cv_prog_ac_ct_RANLIB=ranlib
ac_cv_prog_ac_ct_STRIP=strip
ac_cv_prog_cc_g=yes
ac_cv_prog_cc_stdc=
ac_cv_prog_egrep='grep -E'
ac_cv_prog_make_make_set=yes
ac_cv_sizeof_int=4
ac_cv_sizeof_long=4
ac_cv_sizeof_long_long=8
ac_cv_type_int=yes
ac_cv_type_long=yes
ac_cv_type_long_long=yes
ac_cv_type_pid_t=yes
am_cv_CC_dependencies_compiler_type=gcc3
lt_cv_archive_cmds_need_lc=no
lt_cv_compiler_c_o=yes
lt_cv_compiler_o_lo=yes
lt_cv_deplibs_check_method=pass_all
lt_cv_file_magic_cmd='$MAGIC_CMD'
lt_cv_file_magic_test_file='/lib/libc.so* /lib/libc-*.so'
lt_cv_global_symbol_to_c_name_address='sed -n -e '\''s/^: \([^ ]*\) $/  {\"\1\", (lt_ptr) 0},/p'\'' -e '\''s/^[BCDEGRST] \([^ ]*\) \([^ ]*\)$/  {"\2", (lt_ptr) \&\2},/p'\'''
lt_cv_global_symbol_to_cdecl='sed -n -e '\''s/^. .* \(.*\)$/extern char \1;/p'\'''
lt_cv_ld_reload_flag=-r
lt_cv_path_LD=/usr/bin/ld
lt_cv_path_NM='/usr/bin/nm -B'
lt_cv_path_SED=/bin/sed
lt_cv_prog_cc_can_build_shared=yes
lt_cv_prog_cc_no_builtin=
lt_cv_prog_cc_pic=' -fPIC'
lt_cv_prog_cc_pic_works=yes
lt_cv_prog_cc_shlib=
lt_cv_prog_cc_static=-static
lt_cv_prog_cc_static_works=yes
lt_cv_prog_cc_wl=-Wl,
lt_cv_prog_gnu_ld=yes
lt_cv_sys_global_symbol_pipe='sed -n -e '\''s/^.*[ 	]\([ABCDGISTW][ABCDGISTW]*\)[ 	][ 	]*\(\)\([_A-Za-z][_A-Za-z0-9]*\)$/\1 \2\3 \3/p'\'''

## ----------------- ##
## Output variables. ##
## ----------------- ##

ACLOCAL='${SHELL} /home/king/DigitalFrame/constellation/constellation/lib/libmad-0.15.0b/missing --run aclocal-1.7'
AMDEPBACKSLASH='\'
AMDEP_FALSE='#'
AMDEP_TRUE=''
AMTAR='${SHELL} /home/king/DigitalFrame/constellation/constellation/lib/libmad-0.15.0b/missing --run tar'
ASO=' -DASO_ZEROCHECK'
ASO_OBJS=''
AUTOCONF='${SHELL} /home/king/DigitalFrame/constellation/constellation/lib/libmad-0.15.0b/missing --run autoconf'
AUTOHEADER='${SHELL} /home/king/DigitalFrame/constellation/constellation/lib/libmad-0.15.0b/missing --run autoheader'
AUTOMAKE='${SHELL} /home/king/DigitalFrame/constellation/constellation/lib/libmad-0.15.0b/missing --run automake-1.7'
AWK='mawk'
CC='gcc'
CCAS='$(CC)'
CCASFLAGS='$(CFLAGS)'
CCDEPMODE='depmode=gcc3'
CFLAGS='-Wall -march=i486 -g -O -fforce-mem -fforce-addr -fthread-jumps -fcse-follow-jumps -fcse-skip-blocks -fexpensive-optimizations -fregmove -fschedule-insns2 -fstrength-reduce'
CPP='gcc -E'
CPPFLAGS=''
CYGPATH_W='echo'
DEFS='-DHAVE_CONFIG_H'
DEPDIR='.deps'
ECHO='echo'
ECHO_C=''
ECHO_N='-n'
ECHO_T=''
EGREP='grep -E'
EXEEXT=''
FPM='-DFPM_INTEL'
INSTALL_DATA='${INSTALL} -m 644'
INSTALL_PROGRAM='${INSTALL}'
INSTALL_SCRIPT='${INSTALL}'
INSTALL_STRIP_PROGRAM='${SHELL} $(install_sh) -c -s'
LDFLAGS=''
LIBOBJS=''
LIBS=''
LIBTOOL='$(SHELL) $(top_builddir)/libtool'
LIBTOOL_DEPS='./ltmain.sh'
LN_S='ln -s'
LTLIBOBJS=''
MAKEINFO='${SHELL} /home/king/DigitalFrame/constellation/constellation/lib/libmad-0.15.0b/missing --run makeinfo'
OBJEXT='o'
PACKAGE='libmad'
PACKAGE_BUGREPORT='support@underbit.com'
PACKAGE_NAME='MPEG Audio Decoder'
PACKAGE_STRING='MPEG Audio Decoder 0.15.0b'
PACKAGE_TARNAME='libmad'
PACKAGE_VERSION='0.15.0b'
PATH_SEPARATOR=':'
RANLIB='ranlib'
SET_MAKE=''
SHELL='/bin/bash'
STRIP='strip'
VERSION='0.15.0b'
ac_ct_CC='gcc'
ac_ct_RANLIB='ranlib'
ac_ct_STRIP='strip'
am__fastdepCC_FALSE='#'
am__fastdepCC_TRUE=''
am__include='include'
am__leading_dot='.'
am__quote=''
bindir='${exec_prefix}/bin'
build='i686-pc-linux-gnu'
build_alias=''
build_cpu='i686'
build_os='linux-gnu'
build_vendor='pc'
datadir='${prefix}/share'
exec_prefix='${prefix}'
host='i686-pc-linux-gnu'
host_alias=''
host_cpu='i686'
host_os='linux-gnu'
host_vendor='pc'
includedir='${prefix}/include'
infodir='${prefix}/info'
install_sh='/home/king/DigitalFrame/constellation/constellation/lib/libmad-0.15.0b/install-sh'
libdir='${exec_prefix}/lib'
libexecdir='${exec_prefix}/libexec'
localstatedir='${prefix}/var'
mandir='${prefix}/man'
oldincludedir='/usr/include'
prefix='/usr'
program_transform_name='s,x,x,'
sbindir='${exec_prefix}/sbin'
sharedstatedir='${prefix}/com'
sysconfdir='${prefix}/etc'
target_alias=''

## ----------- ##
## confdefs.h. ##
## ----------- ##

#define HAVE_ASSERT_H 1
#define HAVE_DLFCN_H 1
#define HAVE_ERRNO_H 1
#define HAVE_FCNTL 1
#define HAVE_FCNTL_H 1
#define HAVE_FORK 1
#define HAVE_INTTYPES_H 1
#define HAVE_LIMITS_H 1
#define HAVE_MEMORY_H 1
#define HAVE_PIPE 1
#define HAVE_STDINT_H 1
#define HAVE_STDLIB_H 1
#define HAVE_STRINGS_H 1
#define HAVE_STRING_H 1
#define HAVE_SYS_STAT_H 1
#define HAVE_SYS_TYPES_H 1
#define HAVE_SYS_TYPES_H 1
#define HAVE_SYS_WAIT_H 1
#define HAVE_UNISTD_H 1
#define HAVE_UNISTD_H 1
#define HAVE_WAITPID 1
#define PACKAGE "libmad"
#define PACKAGE_BUGREPORT "support@underbit.com"
#define PACKAGE_NAME "MPEG Audio Decoder"
#define PACKAGE_STRING "MPEG Audio Decoder 0.15.0b"
#define PACKAGE_TARNAME "libmad"
#define PACKAGE_VERSION "0.15.0b"
#define SIZEOF_INT 4
#define SIZEOF_LONG 4
#define SIZEOF_LONG_LONG 8
#define STDC_HEADERS 1
#define STDC_HEADERS 1
#define VERSION "0.15.0b"

configure: exit 0
